<?xml version="1.0" encoding="UTF-8"?>
<!-- Generated by org.testng.reporters.JUnitReportReporter -->
<testsuite hostname="LAPTOP-AVB2L64G" failures="0" tests="2" name="emids.testng.testngAnnotations" time="0.014" errors="0" timestamp="2024-05-04T18:15:51 IST" skipped="0">
  <testcase classname="emids.testng.testngAnnotations" name="testcase1" time="0.011"/>
  <system-out/>
  <testcase classname="emids.testng.testngAnnotations" name="testcase2" time="0.003"/>
  <system-out/>
</testsuite> <!-- emids.testng.testngAnnotations -->
