<?xml version="1.0" encoding="UTF-8"?>
<!-- Generated by org.testng.reporters.JUnitReportReporter -->
<testsuite hostname="LAPTOP-AVB2L64G" failures="0" tests="1" name="emids.testng.Runfailedscenario" time="7.968" errors="0" timestamp="2024-04-28T18:30:55 IST" skipped="0">
  <testcase classname="emids.testng.Runfailedscenario" name="testcase1" time="7.968"/>
  <system-out/>
</testsuite> <!-- emids.testng.Runfailedscenario -->
