<?xml version="1.0" encoding="UTF-8"?>
<!-- Generated by org.testng.reporters.JUnitReportReporter -->
<testsuite hostname="LAPTOP-AVB2L64G" failures="0" tests="2" name="emids.testng.Parallel" time="29.825" errors="0" timestamp="2024-04-28T18:25:54 IST" skipped="0">
  <testcase classname="emids.testng.Parallel" name="testcase1" time="13.649"/>
  <system-out/>
  <testcase classname="emids.testng.Parallel" name="testcase2" time="16.176"/>
  <system-out/>
</testsuite> <!-- emids.testng.Parallel -->
