<?xml version="1.0" encoding="UTF-8"?>
<!-- Generated by org.testng.reporters.JUnitReportReporter -->
<testsuite hostname="LAPTOP-AVB2L64G" failures="0" tests="1" name="emids.testng.Parameterizedtest" time="17.860" errors="0" timestamp="2024-04-28T18:41:23 IST" skipped="0">
  <testcase classname="emids.testng.Parameterizedtest" name="parametizedmethod" time="17.860"/>
  <system-out/>
</testsuite> <!-- emids.testng.Parameterizedtest -->
