<?xml version="1.0" encoding="UTF-8"?>
<!-- Generated by org.testng.reporters.JUnitReportReporter -->
<testsuite hostname="LAPTOP-AVB2L64G" failures="0" tests="2" name="emids.testng.grouping" time="0.018" errors="0" timestamp="2024-04-28T18:13:07 IST" skipped="0">
  <testcase classname="emids.testng.grouping" name="testcase1" time="0.016"/>
  <system-out/>
  <testcase classname="emids.testng.grouping" name="testcase2" time="0.002"/>
  <system-out/>
</testsuite> <!-- emids.testng.grouping -->
