<?xml version="1.0" encoding="UTF-8"?>
<!-- Generated by org.testng.reporters.JUnitReportReporter -->
<testsuite hostname="LAPTOP-AVB2L64G" failures="0" tests="3" name="emids.testng.DependsOnMethodEg" time="0.036" errors="0" timestamp="2024-05-04T17:22:17 IST" skipped="0">
  <testcase classname="emids.testng.DependsOnMethodEg" name="testcase2" time="0.002"/>
  <system-out/>
  <testcase classname="emids.testng.DependsOnMethodEg" name="testcase1" time="0.028"/>
  <system-out/>
  <testcase classname="emids.testng.DependsOnMethodEg" name="testcase3" time="0.006"/>
  <system-out/>
</testsuite> <!-- emids.testng.DependsOnMethodEg -->
